

Started GET "/" for 127.0.0.1 at 2014-06-13 13:23:33 +0900
Processing by Rails::WelcomeController#index as HTML
  Rendered C:/RailsInstaller/Ruby1.9.3/lib/ruby/gems/1.9.1/gems/railties-4.1.1/lib/rails/templates/rails/welcome/index.html.erb (5.0ms)
Completed 200 OK in 51ms (Views: 34.0ms | ActiveRecord: 0.0ms)


Started GET "/" for 127.0.0.1 at 2014-06-13 16:02:49 +0900
Processing by Rails::WelcomeController#index as HTML
  Rendered c:/RailsInstaller/Ruby1.9.3/lib/ruby/gems/1.9.1/gems/railties-4.1.1/lib/rails/templates/rails/welcome/index.html.erb (5.0ms)
Completed 200 OK in 62ms (Views: 45.0ms | ActiveRecord: 0.0ms)


Started GET "/" for 127.0.0.1 at 2014-06-13 16:06:03 +0900
Processing by Rails::WelcomeController#index as HTML
  Rendered C:/RailsInstaller/Ruby1.9.3/lib/ruby/gems/1.9.1/gems/railties-4.1.1/lib/rails/templates/rails/welcome/index.html.erb (8.0ms)
Completed 200 OK in 46ms (Views: 27.0ms | ActiveRecord: 0.0ms)


Started GET "/application" for 127.0.0.1 at 2014-06-13 16:06:49 +0900

ActionController::RoutingError (No route matches [GET] "/application"):
  actionpack (4.1.1) lib/action_dispatch/middleware/debug_exceptions.rb:21:in `call'
  actionpack (4.1.1) lib/action_dispatch/middleware/show_exceptions.rb:30:in `call'
  railties (4.1.1) lib/rails/rack/logger.rb:38:in `call_app'
  railties (4.1.1) lib/rails/rack/logger.rb:20:in `block in call'
  activesupport (4.1.1) lib/active_support/tagged_logging.rb:68:in `block in tagged'
  activesupport (4.1.1) lib/active_support/tagged_logging.rb:26:in `tagged'
  activesupport (4.1.1) lib/active_support/tagged_logging.rb:68:in `tagged'
  railties (4.1.1) lib/rails/rack/logger.rb:20:in `call'
  actionpack (4.1.1) lib/action_dispatch/middleware/request_id.rb:21:in `call'
  rack (1.5.2) lib/rack/methodoverride.rb:21:in `call'
  rack (1.5.2) lib/rack/runtime.rb:17:in `call'
  activesupport (4.1.1) lib/active_support/cache/strategy/local_cache_middleware.rb:26:in `call'
  rack (1.5.2) lib/rack/lock.rb:17:in `call'
  actionpack (4.1.1) lib/action_dispatch/middleware/static.rb:64:in `call'
  rack (1.5.2) lib/rack/sendfile.rb:112:in `call'
  railties (4.1.1) lib/rails/engine.rb:514:in `call'
  railties (4.1.1) lib/rails/application.rb:144:in `call'
  rack (1.5.2) lib/rack/lock.rb:17:in `call'
  rack (1.5.2) lib/rack/content_length.rb:14:in `call'
  rack (1.5.2) lib/rack/handler/webrick.rb:60:in `service'
  C:/RailsInstaller/Ruby1.9.3/lib/ruby/1.9.1/webrick/httpserver.rb:138:in `service'
  C:/RailsInstaller/Ruby1.9.3/lib/ruby/1.9.1/webrick/httpserver.rb:94:in `run'
  C:/RailsInstaller/Ruby1.9.3/lib/ruby/1.9.1/webrick/server.rb:191:in `block in start_thread'


  Rendered C:/RailsInstaller/Ruby1.9.3/lib/ruby/gems/1.9.1/gems/actionpack-4.1.1/lib/action_dispatch/middleware/templates/rescues/_trace.html.erb (2.0ms)
  Rendered C:/RailsInstaller/Ruby1.9.3/lib/ruby/gems/1.9.1/gems/actionpack-4.1.1/lib/action_dispatch/middleware/templates/routes/_table.html.erb (18.0ms)
  Rendered C:/RailsInstaller/Ruby1.9.3/lib/ruby/gems/1.9.1/gems/actionpack-4.1.1/lib/action_dispatch/middleware/templates/rescues/routing_error.html.erb within rescues/layout (66.0ms)


Started GET "/say/hello" for 127.0.0.1 at 2014-06-13 16:08:51 +0900
Processing by SayController#hello as HTML
  Rendered say/hello.html.erb within layouts/application (0.0ms)
Completed 200 OK in 698ms (Views: 698.0ms | ActiveRecord: 0.0ms)


Started GET "/assets/say.css?body=1" for 127.0.0.1 at 2014-06-13 16:08:52 +0900


Started GET "/assets/application.css?body=1" for 127.0.0.1 at 2014-06-13 16:08:52 +0900


Started GET "/assets/jquery.js?body=1" for 127.0.0.1 at 2014-06-13 16:08:52 +0900


Started GET "/assets/jquery_ujs.js?body=1" for 127.0.0.1 at 2014-06-13 16:08:52 +0900


Started GET "/assets/turbolinks.js?body=1" for 127.0.0.1 at 2014-06-13 16:08:52 +0900


Started GET "/assets/say.js?body=1" for 127.0.0.1 at 2014-06-13 16:08:52 +0900


Started GET "/assets/application.js?body=1" for 127.0.0.1 at 2014-06-13 16:08:52 +0900


Started GET "/say/hello" for 127.0.0.1 at 2014-06-13 16:09:03 +0900
Processing by SayController#hello as HTML
  Rendered say/hello.html.erb within layouts/application (0.0ms)
Completed 200 OK in 13ms (Views: 11.0ms | ActiveRecord: 0.0ms)


Started GET "/assets/jquery_ujs.js?body=1" for 127.0.0.1 at 2014-06-13 16:09:03 +0900


Started GET "/assets/jquery.js?body=1" for 127.0.0.1 at 2014-06-13 16:09:03 +0900


Started GET "/assets/application.css?body=1" for 127.0.0.1 at 2014-06-13 16:09:03 +0900


Started GET "/assets/say.css?body=1" for 127.0.0.1 at 2014-06-13 16:09:03 +0900


Started GET "/assets/turbolinks.js?body=1" for 127.0.0.1 at 2014-06-13 16:09:03 +0900


Started GET "/assets/say.js?body=1" for 127.0.0.1 at 2014-06-13 16:09:03 +0900


Started GET "/assets/application.js?body=1" for 127.0.0.1 at 2014-06-13 16:09:03 +0900


Started GET "/say/hello" for 127.0.0.1 at 2014-06-13 16:10:11 +0900
Processing by SayController#hello as HTML
  Rendered say/hello.html.erb within layouts/application (0.0ms)
Completed 200 OK in 9ms (Views: 8.0ms | ActiveRecord: 0.0ms)


Started GET "/assets/application.css?body=1" for 127.0.0.1 at 2014-06-13 16:10:11 +0900


Started GET "/assets/say.css?body=1" for 127.0.0.1 at 2014-06-13 16:10:11 +0900


Started GET "/assets/jquery.js?body=1" for 127.0.0.1 at 2014-06-13 16:10:11 +0900


Started GET "/assets/turbolinks.js?body=1" for 127.0.0.1 at 2014-06-13 16:10:11 +0900


Started GET "/assets/jquery_ujs.js?body=1" for 127.0.0.1 at 2014-06-13 16:10:11 +0900


Started GET "/assets/say.js?body=1" for 127.0.0.1 at 2014-06-13 16:10:11 +0900


Started GET "/assets/application.js?body=1" for 127.0.0.1 at 2014-06-13 16:10:11 +0900


Started GET "/say/hello" for 127.0.0.1 at 2014-06-13 16:11:27 +0900
Processing by SayController#hello as HTML
  Rendered say/hello.html.erb within layouts/application (6.0ms)
Completed 200 OK in 122ms (Views: 103.0ms | ActiveRecord: 0.0ms)


Started GET "/assets/application.css?body=1" for 127.0.0.1 at 2014-06-13 16:11:28 +0900


Started GET "/assets/say.js?body=1" for 127.0.0.1 at 2014-06-13 16:11:28 +0900


Started GET "/assets/say.css?body=1" for 127.0.0.1 at 2014-06-13 16:11:28 +0900


Started GET "/assets/jquery_ujs.js?body=1" for 127.0.0.1 at 2014-06-13 16:11:28 +0900


Started GET "/assets/jquery.js?body=1" for 127.0.0.1 at 2014-06-13 16:11:28 +0900


Started GET "/assets/turbolinks.js?body=1" for 127.0.0.1 at 2014-06-13 16:11:28 +0900


Started GET "/assets/application.js?body=1" for 127.0.0.1 at 2014-06-13 16:11:28 +0900


Started GET "/say/hello" for 127.0.0.1 at 2014-06-13 16:12:08 +0900
Processing by SayController#hello as HTML
  Rendered say/hello.html.erb within layouts/application (1.0ms)
Completed 200 OK in 8ms (Views: 8.0ms | ActiveRecord: 0.0ms)


Started GET "/assets/turbolinks.js?body=1" for 127.0.0.1 at 2014-06-13 16:12:08 +0900


Started GET "/assets/jquery_ujs.js?body=1" for 127.0.0.1 at 2014-06-13 16:12:08 +0900


Started GET "/assets/application.css?body=1" for 127.0.0.1 at 2014-06-13 16:12:08 +0900


Started GET "/assets/jquery.js?body=1" for 127.0.0.1 at 2014-06-13 16:12:08 +0900


Started GET "/assets/say.css?body=1" for 127.0.0.1 at 2014-06-13 16:12:09 +0900


Started GET "/assets/say.js?body=1" for 127.0.0.1 at 2014-06-13 16:12:09 +0900


Started GET "/assets/application.js?body=1" for 127.0.0.1 at 2014-06-13 16:12:09 +0900


Started GET "/say/hello" for 127.0.0.1 at 2014-06-13 16:12:51 +0900
Processing by SayController#hello as HTML
  Rendered say/hello.html.erb (0.0ms)
Completed 200 OK in 6ms (Views: 5.0ms | ActiveRecord: 0.0ms)


Started GET "/say/" for 127.0.0.1 at 2014-06-13 16:12:55 +0900

ActionController::RoutingError (No route matches [GET] "/say"):
  actionpack (4.1.1) lib/action_dispatch/middleware/debug_exceptions.rb:21:in `call'
  actionpack (4.1.1) lib/action_dispatch/middleware/show_exceptions.rb:30:in `call'
  railties (4.1.1) lib/rails/rack/logger.rb:38:in `call_app'
  railties (4.1.1) lib/rails/rack/logger.rb:20:in `block in call'
  activesupport (4.1.1) lib/active_support/tagged_logging.rb:68:in `block in tagged'
  activesupport (4.1.1) lib/active_support/tagged_logging.rb:26:in `tagged'
  activesupport (4.1.1) lib/active_support/tagged_logging.rb:68:in `tagged'
  railties (4.1.1) lib/rails/rack/logger.rb:20:in `call'
  actionpack (4.1.1) lib/action_dispatch/middleware/request_id.rb:21:in `call'
  rack (1.5.2) lib/rack/methodoverride.rb:21:in `call'
  rack (1.5.2) lib/rack/runtime.rb:17:in `call'
  activesupport (4.1.1) lib/active_support/cache/strategy/local_cache_middleware.rb:26:in `call'
  rack (1.5.2) lib/rack/lock.rb:17:in `call'
  actionpack (4.1.1) lib/action_dispatch/middleware/static.rb:64:in `call'
  rack (1.5.2) lib/rack/sendfile.rb:112:in `call'
  railties (4.1.1) lib/rails/engine.rb:514:in `call'
  railties (4.1.1) lib/rails/application.rb:144:in `call'
  rack (1.5.2) lib/rack/lock.rb:17:in `call'
  rack (1.5.2) lib/rack/content_length.rb:14:in `call'
  rack (1.5.2) lib/rack/handler/webrick.rb:60:in `service'
  C:/RailsInstaller/Ruby1.9.3/lib/ruby/1.9.1/webrick/httpserver.rb:138:in `service'
  C:/RailsInstaller/Ruby1.9.3/lib/ruby/1.9.1/webrick/httpserver.rb:94:in `run'
  C:/RailsInstaller/Ruby1.9.3/lib/ruby/1.9.1/webrick/server.rb:191:in `block in start_thread'


  Rendered C:/RailsInstaller/Ruby1.9.3/lib/ruby/gems/1.9.1/gems/actionpack-4.1.1/lib/action_dispatch/middleware/templates/rescues/_trace.html.erb (1.0ms)
  Rendered C:/RailsInstaller/Ruby1.9.3/lib/ruby/gems/1.9.1/gems/actionpack-4.1.1/lib/action_dispatch/middleware/templates/routes/_route.html.erb (1.0ms)
  Rendered C:/RailsInstaller/Ruby1.9.3/lib/ruby/gems/1.9.1/gems/actionpack-4.1.1/lib/action_dispatch/middleware/templates/routes/_table.html.erb (20.0ms)
  Rendered C:/RailsInstaller/Ruby1.9.3/lib/ruby/gems/1.9.1/gems/actionpack-4.1.1/lib/action_dispatch/middleware/templates/rescues/routing_error.html.erb within rescues/layout (65.0ms)


Started GET "/" for 127.0.0.1 at 2014-06-13 16:12:58 +0900
Processing by Rails::WelcomeController#index as HTML
  Rendered C:/RailsInstaller/Ruby1.9.3/lib/ruby/gems/1.9.1/gems/railties-4.1.1/lib/rails/templates/rails/welcome/index.html.erb (1.0ms)
Completed 200 OK in 5ms (Views: 4.0ms | ActiveRecord: 0.0ms)


Started GET "/layouts" for 127.0.0.1 at 2014-06-13 16:13:21 +0900

ActionController::RoutingError (No route matches [GET] "/layouts"):
  actionpack (4.1.1) lib/action_dispatch/middleware/debug_exceptions.rb:21:in `call'
  actionpack (4.1.1) lib/action_dispatch/middleware/show_exceptions.rb:30:in `call'
  railties (4.1.1) lib/rails/rack/logger.rb:38:in `call_app'
  railties (4.1.1) lib/rails/rack/logger.rb:20:in `block in call'
  activesupport (4.1.1) lib/active_support/tagged_logging.rb:68:in `block in tagged'
  activesupport (4.1.1) lib/active_support/tagged_logging.rb:26:in `tagged'
  activesupport (4.1.1) lib/active_support/tagged_logging.rb:68:in `tagged'
  railties (4.1.1) lib/rails/rack/logger.rb:20:in `call'
  actionpack (4.1.1) lib/action_dispatch/middleware/request_id.rb:21:in `call'
  rack (1.5.2) lib/rack/methodoverride.rb:21:in `call'
  rack (1.5.2) lib/rack/runtime.rb:17:in `call'
  activesupport (4.1.1) lib/active_support/cache/strategy/local_cache_middleware.rb:26:in `call'
  rack (1.5.2) lib/rack/lock.rb:17:in `call'
  actionpack (4.1.1) lib/action_dispatch/middleware/static.rb:64:in `call'
  rack (1.5.2) lib/rack/sendfile.rb:112:in `call'
  railties (4.1.1) lib/rails/engine.rb:514:in `call'
  railties (4.1.1) lib/rails/application.rb:144:in `call'
  rack (1.5.2) lib/rack/lock.rb:17:in `call'
  rack (1.5.2) lib/rack/content_length.rb:14:in `call'
  rack (1.5.2) lib/rack/handler/webrick.rb:60:in `service'
  C:/RailsInstaller/Ruby1.9.3/lib/ruby/1.9.1/webrick/httpserver.rb:138:in `service'
  C:/RailsInstaller/Ruby1.9.3/lib/ruby/1.9.1/webrick/httpserver.rb:94:in `run'
  C:/RailsInstaller/Ruby1.9.3/lib/ruby/1.9.1/webrick/server.rb:191:in `block in start_thread'


  Rendered C:/RailsInstaller/Ruby1.9.3/lib/ruby/gems/1.9.1/gems/actionpack-4.1.1/lib/action_dispatch/middleware/templates/rescues/_trace.html.erb (1.0ms)
  Rendered C:/RailsInstaller/Ruby1.9.3/lib/ruby/gems/1.9.1/gems/actionpack-4.1.1/lib/action_dispatch/middleware/templates/routes/_route.html.erb (1.0ms)
  Rendered C:/RailsInstaller/Ruby1.9.3/lib/ruby/gems/1.9.1/gems/actionpack-4.1.1/lib/action_dispatch/middleware/templates/routes/_table.html.erb (2.0ms)
  Rendered C:/RailsInstaller/Ruby1.9.3/lib/ruby/gems/1.9.1/gems/actionpack-4.1.1/lib/action_dispatch/middleware/templates/rescues/routing_error.html.erb within rescues/layout (39.0ms)


Started GET "/layouts/" for 127.0.0.1 at 2014-06-13 16:13:23 +0900

ActionController::RoutingError (No route matches [GET] "/layouts"):
  actionpack (4.1.1) lib/action_dispatch/middleware/debug_exceptions.rb:21:in `call'
  actionpack (4.1.1) lib/action_dispatch/middleware/show_exceptions.rb:30:in `call'
  railties (4.1.1) lib/rails/rack/logger.rb:38:in `call_app'
  railties (4.1.1) lib/rails/rack/logger.rb:20:in `block in call'
  activesupport (4.1.1) lib/active_support/tagged_logging.rb:68:in `block in tagged'
  activesupport (4.1.1) lib/active_support/tagged_logging.rb:26:in `tagged'
  activesupport (4.1.1) lib/active_support/tagged_logging.rb:68:in `tagged'
  railties (4.1.1) lib/rails/rack/logger.rb:20:in `call'
  actionpack (4.1.1) lib/action_dispatch/middleware/request_id.rb:21:in `call'
  rack (1.5.2) lib/rack/methodoverride.rb:21:in `call'
  rack (1.5.2) lib/rack/runtime.rb:17:in `call'
  activesupport (4.1.1) lib/active_support/cache/strategy/local_cache_middleware.rb:26:in `call'
  rack (1.5.2) lib/rack/lock.rb:17:in `call'
  actionpack (4.1.1) lib/action_dispatch/middleware/static.rb:64:in `call'
  rack (1.5.2) lib/rack/sendfile.rb:112:in `call'
  railties (4.1.1) lib/rails/engine.rb:514:in `call'
  railties (4.1.1) lib/rails/application.rb:144:in `call'
  rack (1.5.2) lib/rack/lock.rb:17:in `call'
  rack (1.5.2) lib/rack/content_length.rb:14:in `call'
  rack (1.5.2) lib/rack/handler/webrick.rb:60:in `service'
  C:/RailsInstaller/Ruby1.9.3/lib/ruby/1.9.1/webrick/httpserver.rb:138:in `service'
  C:/RailsInstaller/Ruby1.9.3/lib/ruby/1.9.1/webrick/httpserver.rb:94:in `run'
  C:/RailsInstaller/Ruby1.9.3/lib/ruby/1.9.1/webrick/server.rb:191:in `block in start_thread'


  Rendered C:/RailsInstaller/Ruby1.9.3/lib/ruby/gems/1.9.1/gems/actionpack-4.1.1/lib/action_dispatch/middleware/templates/rescues/_trace.html.erb (2.0ms)
  Rendered C:/RailsInstaller/Ruby1.9.3/lib/ruby/gems/1.9.1/gems/actionpack-4.1.1/lib/action_dispatch/middleware/templates/routes/_route.html.erb (2.0ms)
  Rendered C:/RailsInstaller/Ruby1.9.3/lib/ruby/gems/1.9.1/gems/actionpack-4.1.1/lib/action_dispatch/middleware/templates/routes/_table.html.erb (1.0ms)
  Rendered C:/RailsInstaller/Ruby1.9.3/lib/ruby/gems/1.9.1/gems/actionpack-4.1.1/lib/action_dispatch/middleware/templates/rescues/routing_error.html.erb within rescues/layout (44.0ms)


Started GET "/layouts/application" for 127.0.0.1 at 2014-06-13 16:13:29 +0900

ActionController::RoutingError (No route matches [GET] "/layouts/application"):
  actionpack (4.1.1) lib/action_dispatch/middleware/debug_exceptions.rb:21:in `call'
  actionpack (4.1.1) lib/action_dispatch/middleware/show_exceptions.rb:30:in `call'
  railties (4.1.1) lib/rails/rack/logger.rb:38:in `call_app'
  railties (4.1.1) lib/rails/rack/logger.rb:20:in `block in call'
  activesupport (4.1.1) lib/active_support/tagged_logging.rb:68:in `block in tagged'
  activesupport (4.1.1) lib/active_support/tagged_logging.rb:26:in `tagged'
  activesupport (4.1.1) lib/active_support/tagged_logging.rb:68:in `tagged'
  railties (4.1.1) lib/rails/rack/logger.rb:20:in `call'
  actionpack (4.1.1) lib/action_dispatch/middleware/request_id.rb:21:in `call'
  rack (1.5.2) lib/rack/methodoverride.rb:21:in `call'
  rack (1.5.2) lib/rack/runtime.rb:17:in `call'
  activesupport (4.1.1) lib/active_support/cache/strategy/local_cache_middleware.rb:26:in `call'
  rack (1.5.2) lib/rack/lock.rb:17:in `call'
  actionpack (4.1.1) lib/action_dispatch/middleware/static.rb:64:in `call'
  rack (1.5.2) lib/rack/sendfile.rb:112:in `call'
  railties (4.1.1) lib/rails/engine.rb:514:in `call'
  railties (4.1.1) lib/rails/application.rb:144:in `call'
  rack (1.5.2) lib/rack/lock.rb:17:in `call'
  rack (1.5.2) lib/rack/content_length.rb:14:in `call'
  rack (1.5.2) lib/rack/handler/webrick.rb:60:in `service'
  C:/RailsInstaller/Ruby1.9.3/lib/ruby/1.9.1/webrick/httpserver.rb:138:in `service'
  C:/RailsInstaller/Ruby1.9.3/lib/ruby/1.9.1/webrick/httpserver.rb:94:in `run'
  C:/RailsInstaller/Ruby1.9.3/lib/ruby/1.9.1/webrick/server.rb:191:in `block in start_thread'


  Rendered C:/RailsInstaller/Ruby1.9.3/lib/ruby/gems/1.9.1/gems/actionpack-4.1.1/lib/action_dispatch/middleware/templates/rescues/_trace.html.erb (1.0ms)
  Rendered C:/RailsInstaller/Ruby1.9.3/lib/ruby/gems/1.9.1/gems/actionpack-4.1.1/lib/action_dispatch/middleware/templates/routes/_route.html.erb (0.0ms)
  Rendered C:/RailsInstaller/Ruby1.9.3/lib/ruby/gems/1.9.1/gems/actionpack-4.1.1/lib/action_dispatch/middleware/templates/routes/_table.html.erb (1.0ms)
  Rendered C:/RailsInstaller/Ruby1.9.3/lib/ruby/gems/1.9.1/gems/actionpack-4.1.1/lib/action_dispatch/middleware/templates/rescues/routing_error.html.erb within rescues/layout (40.0ms)


Started GET "/say/hello" for 127.0.0.1 at 2014-06-13 16:13:35 +0900
Processing by SayController#hello as HTML
  Rendered say/hello.html.erb within layouts/application (0.0ms)
Completed 200 OK in 11ms (Views: 10.0ms | ActiveRecord: 0.0ms)


Started GET "/assets/say.css?body=1" for 127.0.0.1 at 2014-06-13 16:13:35 +0900


Started GET "/assets/jquery.js?body=1" for 127.0.0.1 at 2014-06-13 16:13:35 +0900


Started GET "/assets/application.css?body=1" for 127.0.0.1 at 2014-06-13 16:13:35 +0900


Started GET "/assets/jquery_ujs.js?body=1" for 127.0.0.1 at 2014-06-13 16:13:35 +0900


Started GET "/assets/turbolinks.js?body=1" for 127.0.0.1 at 2014-06-13 16:13:36 +0900


Started GET "/assets/say.js?body=1" for 127.0.0.1 at 2014-06-13 16:13:36 +0900


Started GET "/assets/application.js?body=1" for 127.0.0.1 at 2014-06-13 16:13:36 +0900


Started GET "/say/goodbye" for 127.0.0.1 at 2014-06-13 16:13:40 +0900
Processing by SayController#goodbye as HTML
  Rendered say/goodbye.html.erb within layouts/application (1.0ms)
Completed 200 OK in 8ms (Views: 7.0ms | ActiveRecord: 0.0ms)


Started GET "/assets/application.css?body=1" for 127.0.0.1 at 2014-06-13 16:13:40 +0900


Started GET "/assets/say.css?body=1" for 127.0.0.1 at 2014-06-13 16:13:40 +0900


Started GET "/assets/jquery.js?body=1" for 127.0.0.1 at 2014-06-13 16:13:40 +0900


Started GET "/assets/jquery_ujs.js?body=1" for 127.0.0.1 at 2014-06-13 16:13:40 +0900


Started GET "/assets/turbolinks.js?body=1" for 127.0.0.1 at 2014-06-13 16:13:40 +0900


Started GET "/assets/say.js?body=1" for 127.0.0.1 at 2014-06-13 16:13:40 +0900


Started GET "/assets/application.js?body=1" for 127.0.0.1 at 2014-06-13 16:13:40 +0900
